2025-08-11 17:08:30,316 - root - INFO - logger.py:126 - Logger initialized: level=INFO, console=True, file=True
2025-08-11 17:08:30,326 - app.main - INFO - main.py:29 - Starting up AI Interview Assistant Backend...
2025-08-11 17:08:30,347 - root - INFO - logger.py:126 - Logger initialized: level=INFO, console=True, file=True
2025-08-11 17:08:30,357 - app.main - INFO - main.py:29 - Starting up AI Interview Assistant Backend...
2025-08-11 17:08:30,373 - app.database - INFO - database.py:25 - Connected to MongoDB
2025-08-11 17:08:30,401 - app.database - INFO - database.py:25 - Connected to MongoDB
2025-08-11 17:08:33,539 - app.main - INFO - main.py:34 - Shutting down AI Interview Assistant Backend...
2025-08-11 17:08:33,550 - app.database - INFO - database.py:34 - MongoDB connection closed
2025-08-11 17:08:33,554 - app.main - INFO - main.py:34 - Shutting down AI Interview Assistant Backend...
2025-08-11 17:08:33,557 - app.database - INFO - database.py:34 - MongoDB connection closed
2025-08-11 17:08:36,344 - root - INFO - logger.py:126 - Logger initialized: level=INFO, console=True, file=True
2025-08-11 17:08:36,360 - app.main - INFO - main.py:29 - Starting up AI Interview Assistant Backend...
2025-08-11 17:08:36,413 - app.database - INFO - database.py:25 - Connected to MongoDB
2025-08-11 17:08:36,417 - root - INFO - logger.py:126 - Logger initialized: level=INFO, console=True, file=True
2025-08-11 17:08:36,431 - app.main - INFO - main.py:29 - Starting up AI Interview Assistant Backend...
2025-08-11 17:08:36,463 - app.database - INFO - database.py:25 - Connected to MongoDB
2025-08-11 17:08:43,751 - app.main - INFO - main.py:34 - Shutting down AI Interview Assistant Backend...
2025-08-11 17:08:43,752 - app.database - INFO - database.py:34 - MongoDB connection closed
2025-08-11 17:08:43,768 - app.main - INFO - main.py:34 - Shutting down AI Interview Assistant Backend...
2025-08-11 17:08:43,794 - app.database - INFO - database.py:34 - MongoDB connection closed
2025-08-11 17:08:46,519 - root - INFO - logger.py:126 - Logger initialized: level=INFO, console=True, file=True
2025-08-11 17:08:46,529 - app.main - INFO - main.py:29 - Starting up AI Interview Assistant Backend...
2025-08-11 17:08:46,531 - root - INFO - logger.py:126 - Logger initialized: level=INFO, console=True, file=True
2025-08-11 17:08:46,540 - app.main - INFO - main.py:29 - Starting up AI Interview Assistant Backend...
2025-08-11 17:08:46,567 - app.database - INFO - database.py:25 - Connected to MongoDB
2025-08-11 17:08:46,568 - app.database - INFO - database.py:25 - Connected to MongoDB
2025-08-11 17:08:53,698 - app.main - INFO - main.py:34 - Shutting down AI Interview Assistant Backend...
2025-08-11 17:08:53,698 - app.main - INFO - main.py:34 - Shutting down AI Interview Assistant Backend...
2025-08-11 17:08:53,699 - app.database - INFO - database.py:34 - MongoDB connection closed
2025-08-11 17:08:53,699 - app.database - INFO - database.py:34 - MongoDB connection closed
2025-08-11 17:08:55,334 - root - INFO - logger.py:126 - Logger initialized: level=INFO, console=True, file=True
2025-08-11 17:08:55,345 - root - INFO - logger.py:126 - Logger initialized: level=INFO, console=True, file=True
2025-08-11 17:08:56,302 - app.main - INFO - main.py:29 - Starting up AI Interview Assistant Backend...
2025-08-11 17:08:56,304 - app.main - INFO - main.py:29 - Starting up AI Interview Assistant Backend...
2025-08-11 17:08:56,327 - app.database - INFO - database.py:25 - Connected to MongoDB
2025-08-11 17:08:56,353 - app.database - INFO - database.py:25 - Connected to MongoDB
2025-08-11 17:10:31,657 - root - INFO - logger.py:126 - Logger initialized: level=INFO, console=True, file=True
2025-08-11 17:10:32,732 - app.main - INFO - main.py:29 - Starting up AI Interview Assistant Backend...
2025-08-11 17:10:32,769 - app.database - INFO - database.py:25 - Connected to MongoDB
2025-08-11 17:10:57,521 - passlib.handlers.bcrypt - WARNING - bcrypt.py:622 - (trapped) error reading bcrypt version
Traceback (most recent call last):
  File "D:\Team Project\interview_systems_endpoints\venv\Lib\site-packages\passlib\handlers\bcrypt.py", line 620, in _load_backend_mixin
    version = _bcrypt.__about__.__version__
              ^^^^^^^^^^^^^^^^^
AttributeError: module 'bcrypt' has no attribute '__about__'
2025-08-11 17:10:58,380 - app.services.auth_service - INFO - auth_service.py:49 - Admin authenticated successfully: gaurav@gmail.com
2025-08-11 17:11:47,681 - app.routes.upload_resume - INFO - upload_resume.py:26 - Admin {'admin_id': '6898d1afe14b88dce6cdfe91', 'email': 'gaurav@gmail.com', 'role': 'admin', 'created_at': 1754912458.380049, 'expires_at': 1754998858.380053} uploaded files for candidate manish321@gmail.com
2025-08-11 17:11:47,682 - app.routes.upload_resume - INFO - upload_resume.py:27 - Received upload request: JD=JD-202402-Python-Developer.pdf, Resume=Resume.pdf
2025-08-11 17:11:47,683 - app.services.resume_upload_service - INFO - resume_upload_service.py:14 - Started processing candidate manish321@gmail.com
2025-08-11 17:11:48,242 - app.database - INFO - database.py:75 - Saved candidate manish321@gmail.com documents to MongoDB in candidate_documents collection.
2025-08-11 17:11:48,243 - app.services.resume_upload_service - INFO - resume_upload_service.py:23 - Successfully saved files for candidate manish321@gmail.com
2025-08-11 17:11:48,269 - app.services.interview_service - ERROR - interview_service.py:49 - Error creating interview: can't compare offset-naive and offset-aware datetimes
2025-08-11 17:11:48,270 - app.routes.interview_routes - ERROR - interview_routes.py:41 - Error creating interview: can't compare offset-naive and offset-aware datetimes
2025-08-11 17:12:44,553 - app.main - INFO - main.py:34 - Shutting down AI Interview Assistant Backend...
2025-08-11 17:12:44,553 - app.main - INFO - main.py:34 - Shutting down AI Interview Assistant Backend...
2025-08-11 17:12:44,556 - app.database - INFO - database.py:34 - MongoDB connection closed
2025-08-11 17:12:44,557 - app.database - INFO - database.py:34 - MongoDB connection closed
2025-08-11 17:13:21,647 - app.main - INFO - main.py:34 - Shutting down AI Interview Assistant Backend...
2025-08-11 17:13:21,648 - app.database - INFO - database.py:34 - MongoDB connection closed
2025-08-11 17:13:23,122 - root - INFO - logger.py:126 - Logger initialized: level=INFO, console=True, file=True
2025-08-11 17:13:24,094 - app.main - INFO - main.py:29 - Starting up AI Interview Assistant Backend...
2025-08-11 17:13:24,120 - app.database - INFO - database.py:25 - Connected to MongoDB
2025-08-11 17:13:31,143 - app.main - INFO - main.py:34 - Shutting down AI Interview Assistant Backend...
2025-08-11 17:13:31,144 - app.database - INFO - database.py:34 - MongoDB connection closed
2025-08-11 17:13:32,850 - root - INFO - logger.py:126 - Logger initialized: level=INFO, console=True, file=True
2025-08-11 17:13:33,908 - app.main - INFO - main.py:29 - Starting up AI Interview Assistant Backend...
2025-08-11 17:13:33,933 - app.database - INFO - database.py:25 - Connected to MongoDB
2025-08-11 17:13:39,514 - app.main - INFO - main.py:34 - Shutting down AI Interview Assistant Backend...
2025-08-11 17:13:39,515 - app.database - INFO - database.py:34 - MongoDB connection closed
2025-08-11 17:13:41,051 - root - INFO - logger.py:126 - Logger initialized: level=INFO, console=True, file=True
2025-08-11 17:13:42,251 - app.main - INFO - main.py:29 - Starting up AI Interview Assistant Backend...
2025-08-11 17:13:42,297 - app.database - INFO - database.py:25 - Connected to MongoDB
2025-08-11 17:13:54,128 - app.main - INFO - main.py:34 - Shutting down AI Interview Assistant Backend...
2025-08-11 17:13:54,130 - app.database - INFO - database.py:34 - MongoDB connection closed
2025-08-11 17:13:55,410 - root - INFO - logger.py:126 - Logger initialized: level=INFO, console=True, file=True
2025-08-11 17:13:56,688 - app.main - INFO - main.py:29 - Starting up AI Interview Assistant Backend...
2025-08-11 17:13:56,731 - app.database - INFO - database.py:25 - Connected to MongoDB
2025-08-11 17:14:07,483 - app.main - INFO - main.py:34 - Shutting down AI Interview Assistant Backend...
2025-08-11 17:14:07,484 - app.database - INFO - database.py:34 - MongoDB connection closed
2025-08-11 17:14:08,742 - root - INFO - logger.py:126 - Logger initialized: level=INFO, console=True, file=True
2025-08-11 17:14:09,776 - app.main - INFO - main.py:29 - Starting up AI Interview Assistant Backend...
2025-08-11 17:14:09,803 - app.database - INFO - database.py:25 - Connected to MongoDB
2025-08-11 17:14:21,609 - app.main - INFO - main.py:34 - Shutting down AI Interview Assistant Backend...
2025-08-11 17:14:21,611 - app.database - INFO - database.py:34 - MongoDB connection closed
2025-08-11 17:14:22,824 - root - INFO - logger.py:126 - Logger initialized: level=INFO, console=True, file=True
2025-08-11 17:14:23,888 - app.main - INFO - main.py:29 - Starting up AI Interview Assistant Backend...
2025-08-11 17:14:23,937 - app.database - INFO - database.py:25 - Connected to MongoDB
2025-08-11 17:14:30,165 - app.main - INFO - main.py:34 - Shutting down AI Interview Assistant Backend...
2025-08-11 17:14:30,166 - app.database - INFO - database.py:34 - MongoDB connection closed
2025-08-11 17:14:31,604 - root - INFO - logger.py:126 - Logger initialized: level=INFO, console=True, file=True
2025-08-11 17:14:32,839 - app.main - INFO - main.py:29 - Starting up AI Interview Assistant Backend...
2025-08-11 17:14:32,891 - app.database - INFO - database.py:25 - Connected to MongoDB
2025-08-11 17:14:37,936 - app.main - INFO - main.py:34 - Shutting down AI Interview Assistant Backend...
2025-08-11 17:14:37,938 - app.database - INFO - database.py:34 - MongoDB connection closed
2025-08-11 17:14:39,385 - root - INFO - logger.py:126 - Logger initialized: level=INFO, console=True, file=True
2025-08-11 17:14:40,486 - app.main - INFO - main.py:29 - Starting up AI Interview Assistant Backend...
2025-08-11 17:14:40,529 - app.database - INFO - database.py:25 - Connected to MongoDB
2025-08-11 17:14:53,783 - app.main - INFO - main.py:34 - Shutting down AI Interview Assistant Backend...
2025-08-11 17:14:53,784 - app.database - INFO - database.py:34 - MongoDB connection closed
2025-08-11 17:14:55,026 - root - INFO - logger.py:126 - Logger initialized: level=INFO, console=True, file=True
2025-08-11 17:14:56,242 - app.main - INFO - main.py:29 - Starting up AI Interview Assistant Backend...
2025-08-11 17:14:56,290 - app.database - INFO - database.py:25 - Connected to MongoDB
2025-08-11 17:15:41,621 - root - INFO - logger.py:126 - Logger initialized: level=INFO, console=True, file=True
2025-08-11 17:15:42,801 - app.main - INFO - main.py:29 - Starting up AI Interview Assistant Backend...
2025-08-11 17:15:42,828 - app.database - INFO - database.py:25 - Connected to MongoDB
2025-08-11 17:16:11,618 - passlib.handlers.bcrypt - WARNING - bcrypt.py:622 - (trapped) error reading bcrypt version
Traceback (most recent call last):
  File "D:\Team Project\interview_systems_endpoints\venv\Lib\site-packages\passlib\handlers\bcrypt.py", line 620, in _load_backend_mixin
    version = _bcrypt.__about__.__version__
              ^^^^^^^^^^^^^^^^^
AttributeError: module 'bcrypt' has no attribute '__about__'
2025-08-11 17:16:12,481 - app.services.auth_service - INFO - auth_service.py:49 - Admin authenticated successfully: gaurav@gmail.com
2025-08-11 17:17:01,087 - app.routes.upload_resume - INFO - upload_resume.py:26 - Admin {'admin_id': '6898d1afe14b88dce6cdfe91', 'email': 'gaurav@gmail.com', 'role': 'admin', 'created_at': 1754912772.4815483, 'expires_at': 1754999172.4815495} uploaded files for candidate manish1234@gmail.com
2025-08-11 17:17:01,089 - app.routes.upload_resume - INFO - upload_resume.py:27 - Received upload request: JD=JD-202402-Python-Developer.pdf, Resume=Swapnil Sasane (1) (5).pdf
2025-08-11 17:17:01,091 - app.services.resume_upload_service - INFO - resume_upload_service.py:14 - Started processing candidate manish1234@gmail.com
2025-08-11 17:17:01,287 - app.database - INFO - database.py:75 - Saved candidate manish1234@gmail.com documents to MongoDB in candidate_documents collection.
2025-08-11 17:17:01,289 - app.services.resume_upload_service - INFO - resume_upload_service.py:23 - Successfully saved files for candidate manish1234@gmail.com
2025-08-11 17:17:01,378 - app.services.interview_service - INFO - interview_service.py:51 - Interview scheduled successfully: 6899d8358845aa1714de4846 by 6898d1afe14b88dce6cdfe91 for manish1234@gmail.com
2025-08-11 17:17:53,084 - app.main - INFO - main.py:34 - Shutting down AI Interview Assistant Backend...
2025-08-11 17:17:53,087 - app.database - INFO - database.py:34 - MongoDB connection closed
2025-08-11 17:30:29,778 - app.main - INFO - main.py:34 - Shutting down AI Interview Assistant Backend...
2025-08-11 17:30:29,780 - app.database - INFO - database.py:34 - MongoDB connection closed
2025-08-11 17:30:31,322 - root - INFO - logger.py:126 - Logger initialized: level=INFO, console=True, file=True
2025-08-11 17:30:32,575 - app.main - INFO - main.py:29 - Starting up AI Interview Assistant Backend...
2025-08-11 17:30:32,607 - app.database - INFO - database.py:25 - Connected to MongoDB
2025-08-11 17:30:33,187 - app.main - INFO - main.py:34 - Shutting down AI Interview Assistant Backend...
2025-08-11 17:30:33,189 - app.database - INFO - database.py:34 - MongoDB connection closed
2025-08-11 17:30:34,814 - root - INFO - logger.py:126 - Logger initialized: level=INFO, console=True, file=True
2025-08-11 17:30:35,994 - app.main - INFO - main.py:29 - Starting up AI Interview Assistant Backend...
2025-08-11 17:30:36,049 - app.database - INFO - database.py:25 - Connected to MongoDB
2025-08-11 18:28:07,159 - root - INFO - logger.py:126 - Logger initialized: level=INFO, console=True, file=True
2025-08-11 18:29:05,242 - root - INFO - logger.py:126 - Logger initialized: level=INFO, console=True, file=True
2025-08-11 18:29:06,563 - app.main - INFO - main.py:36 - Starting up AI Interview Assistant Backend...
2025-08-11 18:29:06,600 - app.database - INFO - database.py:25 - Connected to MongoDB
2025-08-11 18:29:25,533 - app.main - INFO - main.py:41 - Shutting down AI Interview Assistant Backend...
2025-08-11 18:29:25,534 - app.database - INFO - database.py:34 - MongoDB connection closed
2025-08-11 18:29:26,845 - root - INFO - logger.py:126 - Logger initialized: level=INFO, console=True, file=True
2025-08-11 18:29:27,848 - app.main - INFO - main.py:36 - Starting up AI Interview Assistant Backend...
2025-08-11 18:29:27,874 - app.database - INFO - database.py:25 - Connected to MongoDB
2025-08-11 18:29:59,666 - app.main - INFO - main.py:41 - Shutting down AI Interview Assistant Backend...
2025-08-11 18:29:59,667 - app.database - INFO - database.py:34 - MongoDB connection closed
2025-08-11 18:30:00,954 - root - INFO - logger.py:126 - Logger initialized: level=INFO, console=True, file=True
2025-08-11 18:30:01,842 - app.main - INFO - main.py:36 - Starting up AI Interview Assistant Backend...
2025-08-11 18:30:01,871 - app.database - INFO - database.py:25 - Connected to MongoDB
2025-08-11 18:30:28,749 - app.main - INFO - main.py:41 - Shutting down AI Interview Assistant Backend...
2025-08-11 18:30:28,750 - app.database - INFO - database.py:34 - MongoDB connection closed
2025-08-11 18:30:29,978 - root - INFO - logger.py:126 - Logger initialized: level=INFO, console=True, file=True
2025-08-11 18:30:30,820 - app.main - INFO - main.py:36 - Starting up AI Interview Assistant Backend...
2025-08-11 18:30:30,841 - app.database - INFO - database.py:25 - Connected to MongoDB
2025-08-11 18:32:54,399 - app.main - INFO - main.py:41 - Shutting down AI Interview Assistant Backend...
2025-08-11 18:32:54,402 - app.database - INFO - database.py:34 - MongoDB connection closed
2025-08-11 18:33:07,423 - root - INFO - logger.py:126 - Logger initialized: level=INFO, console=True, file=True
2025-08-11 18:33:08,241 - app.main - INFO - main.py:36 - Starting up AI Interview Assistant Backend...
2025-08-11 18:33:08,291 - app.database - INFO - database.py:25 - Connected to MongoDB
2025-08-11 18:33:43,318 - passlib.handlers.bcrypt - WARNING - bcrypt.py:622 - (trapped) error reading bcrypt version
Traceback (most recent call last):
  File "D:\Team Project\interview_systems_endpoints\venv\Lib\site-packages\passlib\handlers\bcrypt.py", line 620, in _load_backend_mixin
    version = _bcrypt.__about__.__version__
              ^^^^^^^^^^^^^^^^^
AttributeError: module 'bcrypt' has no attribute '__about__'
2025-08-11 18:33:44,038 - app.services.auth_service - INFO - auth_service.py:50 - Admin authenticated successfully: gaurav@gmail.com
2025-08-11 18:40:28,404 - app.services.auth_service - INFO - auth_service.py:50 - Admin authenticated successfully: gaurav@gmail.com
2025-08-11 18:40:39,444 - app.services.auth_service - INFO - auth_service.py:50 - Admin authenticated successfully: gaurav@gmail.com
2025-08-11 18:44:29,835 - app.main - INFO - main.py:41 - Shutting down AI Interview Assistant Backend...
2025-08-11 18:44:29,838 - app.database - INFO - database.py:34 - MongoDB connection closed
2025-08-11 18:44:31,911 - root - INFO - logger.py:126 - Logger initialized: level=INFO, console=True, file=True
2025-08-11 18:44:33,308 - app.main - INFO - main.py:36 - Starting up AI Interview Assistant Backend...
2025-08-11 18:44:33,369 - app.database - INFO - database.py:25 - Connected to MongoDB
2025-08-11 18:44:35,057 - passlib.handlers.bcrypt - WARNING - bcrypt.py:622 - (trapped) error reading bcrypt version
Traceback (most recent call last):
  File "D:\Team Project\interview_systems_endpoints\venv\Lib\site-packages\passlib\handlers\bcrypt.py", line 620, in _load_backend_mixin
    version = _bcrypt.__about__.__version__
              ^^^^^^^^^^^^^^^^^
AttributeError: module 'bcrypt' has no attribute '__about__'
2025-08-11 18:44:35,905 - app.services.auth_service - INFO - auth_service.py:26 - Admin account created for email: sumit@gmail.com
2025-08-11 18:45:05,985 - app.services.auth_service - INFO - auth_service.py:50 - Admin authenticated successfully: sumit@gmail.com
2025-08-11 18:45:51,168 - app.routes.upload_resume - INFO - upload_resume.py:32 - Admin 6899ecbbcd769d57b3a0c99e uploaded files for candidate gaurav@gmail.com
2025-08-11 18:45:51,169 - app.routes.upload_resume - INFO - upload_resume.py:33 - Received upload request: JD=JD-202402-Python-Developer.pdf, Resume=Resume.pdf
2025-08-11 18:45:51,170 - app.services.resume_upload_service - INFO - resume_upload_service.py:14 - Started processing candidate gaurav@gmail.com
2025-08-11 18:45:51,596 - app.database - INFO - database.py:75 - Saved candidate gaurav@gmail.com documents to MongoDB in candidate_documents collection.
2025-08-11 18:45:51,596 - app.services.resume_upload_service - INFO - resume_upload_service.py:23 - Successfully saved files for candidate gaurav@gmail.com
2025-08-11 18:45:51,626 - app.services.interview_service - INFO - interview_service.py:51 - Interview scheduled successfully: 6899ed07cd769d57b3a0c9a4 by 6899ecbbcd769d57b3a0c99e for gaurav@gmail.com
2025-08-11 18:52:15,393 - app.services.auth_service - INFO - auth_service.py:50 - Admin authenticated successfully: gaurav@gmail.com
2025-08-11 19:13:38,886 - app.services.auth_service - INFO - auth_service.py:50 - Admin authenticated successfully: gaurav@gmail.com
2025-08-11 19:20:34,511 - app.routes.email_routes - INFO - email_routes.py:136 - Admin 6898d1afe14b88dce6cdfe91 requested to test email configuration with gauravpalve28@gmail.com
2025-08-11 19:21:18,295 - app.routes.email_routes - INFO - email_routes.py:136 - Admin 6898d1afe14b88dce6cdfe91 requested to test email configuration with gauravpalve28@gmail.com
2025-08-11 19:21:54,255 - app.services.interview_service - INFO - interview_service.py:51 - Interview scheduled successfully: 6899f57acd769d57b3a0c9a5 by 6898d1afe14b88dce6cdfe91 for gauravpalve28@gmail.com
2025-08-11 19:22:08,898 - app.main - INFO - main.py:41 - Shutting down AI Interview Assistant Backend...
2025-08-11 19:22:08,901 - app.database - INFO - database.py:34 - MongoDB connection closed
2025-08-11 22:14:08,800 - root - INFO - logger.py:126 - Logger initialized: level=INFO, console=True, file=True
2025-08-11 22:14:09,897 - app.main - INFO - main.py:36 - Starting up AI Interview Assistant Backend...
2025-08-11 22:14:09,925 - app.database - INFO - database.py:25 - Connected to MongoDB
2025-08-11 22:14:12,627 - app.main - INFO - main.py:41 - Shutting down AI Interview Assistant Backend...
2025-08-11 22:14:12,628 - app.database - INFO - database.py:34 - MongoDB connection closed
2025-08-11 22:14:19,642 - root - INFO - logger.py:126 - Logger initialized: level=INFO, console=True, file=True
2025-08-11 22:14:20,707 - app.main - INFO - main.py:36 - Starting up AI Interview Assistant Backend...
2025-08-11 22:14:20,732 - app.database - INFO - database.py:25 - Connected to MongoDB
2025-08-11 22:18:25,518 - app.main - INFO - main.py:41 - Shutting down AI Interview Assistant Backend...
2025-08-11 22:18:25,519 - app.database - INFO - database.py:34 - MongoDB connection closed
